  acheronti_chaz_programming_project_1.cpp
acheronti_chaz_programming_project_1.cpp(136): warning C4101: 'upper_bound': unreferenced local variable
acheronti_chaz_programming_project_1.cpp(135): warning C4101: 'new_move_northwest': unreferenced local variable
acheronti_chaz_programming_project_1.cpp(135): warning C4101: 'new_move_west': unreferenced local variable
acheronti_chaz_programming_project_1.cpp(136): warning C4101: 'lower_bound': unreferenced local variable
acheronti_chaz_programming_project_1.cpp(135): warning C4101: 'new_move_south': unreferenced local variable
acheronti_chaz_programming_project_1.cpp(135): warning C4101: 'new_move_east': unreferenced local variable
acheronti_chaz_programming_project_1.cpp(135): warning C4101: 'new_move_southwest': unreferenced local variable
acheronti_chaz_programming_project_1.cpp(135): warning C4101: 'new_move_north': unreferenced local variable
acheronti_chaz_programming_project_1.cpp(135): warning C4101: 'new_move_northeast': unreferenced local variable
acheronti_chaz_programming_project_1.cpp(135): warning C4101: 'new_move_southeast': unreferenced local variable
acheronti_chaz_programming_project_1.cpp(467): warning C4244: 'argument': conversion from 'int' to 'GLfloat', possible loss of data
acheronti_chaz_programming_project_1.cpp(468): warning C4244: '+=': conversion from 'double' to 'float', possible loss of data
acheronti_chaz_programming_project_1.cpp(505): warning C4018: '<': signed/unsigned mismatch
acheronti_chaz_programming_project_1.cpp(507): warning C4018: '<': signed/unsigned mismatch
acheronti_chaz_programming_project_1.cpp(519): warning C4244: 'initializing': conversion from 'double' to 'int', possible loss of data
acheronti_chaz_programming_project_1.cpp(525): warning C4244: 'initializing': conversion from 'double' to 'int', possible loss of data
acheronti_chaz_programming_project_1.cpp(548): warning C4244: 'initializing': conversion from 'double' to 'int', possible loss of data
acheronti_chaz_programming_project_1.cpp(549): warning C4244: 'initializing': conversion from 'double' to 'int', possible loss of data
acheronti_chaz_programming_project_1.cpp(554): warning C4244: 'initializing': conversion from 'double' to 'int', possible loss of data
acheronti_chaz_programming_project_1.cpp(555): warning C4244: 'initializing': conversion from 'double' to 'int', possible loss of data
acheronti_chaz_programming_project_1.cpp(557): warning C4018: '>=': signed/unsigned mismatch
acheronti_chaz_programming_project_1.cpp(558): warning C4018: '>=': signed/unsigned mismatch
acheronti_chaz_programming_project_1.cpp(560): warning C4018: '<': signed/unsigned mismatch
acheronti_chaz_programming_project_1.cpp(561): warning C4018: '<': signed/unsigned mismatch
acheronti_chaz_programming_project_1.cpp(594): warning C4244: 'argument': conversion from 'int' to 'GLfloat', possible loss of data
acheronti_chaz_programming_project_1.cpp(601): warning C4838: conversion from 'double' to 'int' requires a narrowing conversion
acheronti_chaz_programming_project_1.cpp(601): warning C4244: 'initializing': conversion from 'double' to 'int', possible loss of data
acheronti_chaz_programming_project_1.cpp(602): warning C4838: conversion from 'double' to 'int' requires a narrowing conversion
acheronti_chaz_programming_project_1.cpp(602): warning C4244: 'initializing': conversion from 'double' to 'int', possible loss of data
acheronti_chaz_programming_project_1.cpp(603): warning C4838: conversion from 'double' to 'int' requires a narrowing conversion
acheronti_chaz_programming_project_1.cpp(603): warning C4244: 'initializing': conversion from 'double' to 'int', possible loss of data
acheronti_chaz_programming_project_1.cpp(604): warning C4838: conversion from 'double' to 'int' requires a narrowing conversion
acheronti_chaz_programming_project_1.cpp(604): warning C4244: 'initializing': conversion from 'double' to 'int', possible loss of data
acheronti_chaz_programming_project_1.cpp(726): warning C4018: '<': signed/unsigned mismatch
acheronti_chaz_programming_project_1.cpp(729): warning C4244: 'argument': conversion from 'int' to 'GLfloat', possible loss of data
acheronti_chaz_programming_project_1.cpp(730): warning C4244: 'argument': conversion from 'int' to 'GLfloat', possible loss of data
acheronti_chaz_programming_project_1.cpp(735): warning C4018: '<': signed/unsigned mismatch
acheronti_chaz_programming_project_1.cpp(738): warning C4244: 'argument': conversion from 'int' to 'GLfloat', possible loss of data
acheronti_chaz_programming_project_1.cpp(739): warning C4244: 'argument': conversion from 'int' to 'GLfloat', possible loss of data
  Generating code
  14 of 230 functions ( 6.1%) were compiled, the rest were copied from previous compilation.
    0 functions were new in current compilation
    0 functions had inline decision re-evaluated but remain unchanged
  Finished generating code
  programming_project_1.vcxproj -> C:\Users\Chaz Acheronti\Desktop\Workspace\Programming\2018\CS 116B\programming_project_1\Release\programming_project_1.exe
